2019-12-11 17:42:30.359 [http-nio-8880-exec-10] ERROR t.p.S.ServiceImpl.AccountServiceImpl -org.springframework.dao.DataIntegrityViolationException: 
### Error updating database.  Cause: com.microsoft.sqlserver.jdbc.SQLServerException: DELETE 语句与 REFERENCE 约束"FK_AccountSubScription"冲突。该冲突发生于数据库"wsm"，表"dbo.SubScriptions", column 'Account_Id'。
### The error may involve tools.perkinelmer.Mapper.AccountMapper.deleteAccountById-Inline
### The error occurred while setting parameters
### SQL: delete from wsm.dbo.accounts where id = 7
### Cause: com.microsoft.sqlserver.jdbc.SQLServerException: DELETE 语句与 REFERENCE 约束"FK_AccountSubScription"冲突。该冲突发生于数据库"wsm"，表"dbo.SubScriptions", column 'Account_Id'。
; SQL []; DELETE 语句与 REFERENCE 约束"FK_AccountSubScription"冲突。该冲突发生于数据库"wsm"，表"dbo.SubScriptions", column 'Account_Id'。; nested exception is com.microsoft.sqlserver.jdbc.SQLServerException: DELETE 语句与 REFERENCE 约束"FK_AccountSubScription"冲突。该冲突发生于数据库"wsm"，表"dbo.SubScriptions", column 'Account_Id'。
2019-12-11 17:42:37.426 [http-nio-8880-exec-5] ERROR t.p.S.ServiceImpl.AccountServiceImpl -org.springframework.dao.DataIntegrityViolationException: 
### Error updating database.  Cause: com.microsoft.sqlserver.jdbc.SQLServerException: DELETE 语句与 REFERENCE 约束"FK_AccountSubScription"冲突。该冲突发生于数据库"wsm"，表"dbo.SubScriptions", column 'Account_Id'。
### The error may involve tools.perkinelmer.Mapper.AccountMapper.deleteAccountById-Inline
### The error occurred while setting parameters
### SQL: delete from wsm.dbo.accounts where id = 7
### Cause: com.microsoft.sqlserver.jdbc.SQLServerException: DELETE 语句与 REFERENCE 约束"FK_AccountSubScription"冲突。该冲突发生于数据库"wsm"，表"dbo.SubScriptions", column 'Account_Id'。
; SQL []; DELETE 语句与 REFERENCE 约束"FK_AccountSubScription"冲突。该冲突发生于数据库"wsm"，表"dbo.SubScriptions", column 'Account_Id'。; nested exception is com.microsoft.sqlserver.jdbc.SQLServerException: DELETE 语句与 REFERENCE 约束"FK_AccountSubScription"冲突。该冲突发生于数据库"wsm"，表"dbo.SubScriptions", column 'Account_Id'。
2019-12-11 17:43:05.887 [http-nio-8880-exec-9] ERROR t.p.S.ServiceImpl.AccountServiceImpl -org.springframework.dao.DataIntegrityViolationException: 
### Error updating database.  Cause: com.microsoft.sqlserver.jdbc.SQLServerException: DELETE 语句与 REFERENCE 约束"FK_AccountSubScription"冲突。该冲突发生于数据库"wsm"，表"dbo.SubScriptions", column 'Account_Id'。
### The error may involve tools.perkinelmer.Mapper.AccountMapper.deleteAccountById-Inline
### The error occurred while setting parameters
### SQL: delete from wsm.dbo.accounts where id = 7
### Cause: com.microsoft.sqlserver.jdbc.SQLServerException: DELETE 语句与 REFERENCE 约束"FK_AccountSubScription"冲突。该冲突发生于数据库"wsm"，表"dbo.SubScriptions", column 'Account_Id'。
; SQL []; DELETE 语句与 REFERENCE 约束"FK_AccountSubScription"冲突。该冲突发生于数据库"wsm"，表"dbo.SubScriptions", column 'Account_Id'。; nested exception is com.microsoft.sqlserver.jdbc.SQLServerException: DELETE 语句与 REFERENCE 约束"FK_AccountSubScription"冲突。该冲突发生于数据库"wsm"，表"dbo.SubScriptions", column 'Account_Id'。
