2019-12-11 09:57:02.187 [main] INFO  tools.perkinelmer.Application -Starting Application on SHALL940 with PID 26220 (C:\java\eclipse\workspace\WSManager\target\classes started by wangj01052 in C:\java\eclipse\workspace\WSManager)
2019-12-11 09:57:02.209 [main] INFO  tools.perkinelmer.Application -The following profiles are active: sit
2019-12-11 09:57:02.591 [main] INFO  o.s.b.c.e.AnnotationConfigEmbeddedWebApplicationContext -Refreshing org.springframework.boot.context.embedded.AnnotationConfigEmbeddedWebApplicationContext@72ea6193: startup date [Wed Dec 11 09:57:02 CST 2019]; root of context hierarchy
2019-12-11 09:57:04.527 [main] INFO  o.s.c.s.PostProcessorRegistrationDelegate$BeanPostProcessorChecker -Bean 'org.springframework.transaction.annotation.ProxyTransactionManagementConfiguration' of type [org.springframework.transaction.annotation.ProxyTransactionManagementConfiguration$$EnhancerBySpringCGLIB$$e1997a1] is not eligible for getting processed by all BeanPostProcessors (for example: not eligible for auto-proxying)
2019-12-11 09:57:04.987 [main] INFO  o.s.b.c.e.t.TomcatEmbeddedServletContainer -Tomcat initialized with port(s): 8880 (http)
2019-12-11 09:57:05.003 [main] INFO  o.a.catalina.core.StandardService -Starting service Tomcat
2019-12-11 09:57:05.005 [main] INFO  o.a.catalina.core.StandardEngine -Starting Servlet Engine: Apache Tomcat/8.5.11
2019-12-11 09:57:05.174 [localhost-startStop-1] INFO  o.a.c.c.C.[.[localhost].[/WSManager] -Initializing Spring embedded WebApplicationContext
2019-12-11 09:57:05.177 [localhost-startStop-1] INFO  o.s.web.context.ContextLoader -Root WebApplicationContext: initialization completed in 2586 ms
2019-12-11 09:57:05.625 [localhost-startStop-1] INFO  o.s.b.w.s.FilterRegistrationBean -Mapping filter: 'characterEncodingFilter' to: [/*]
2019-12-11 09:57:05.626 [localhost-startStop-1] INFO  o.s.b.w.s.FilterRegistrationBean -Mapping filter: 'hiddenHttpMethodFilter' to: [/*]
2019-12-11 09:57:05.626 [localhost-startStop-1] INFO  o.s.b.w.s.FilterRegistrationBean -Mapping filter: 'httpPutFormContentFilter' to: [/*]
2019-12-11 09:57:05.627 [localhost-startStop-1] INFO  o.s.b.w.s.FilterRegistrationBean -Mapping filter: 'requestContextFilter' to: [/*]
2019-12-11 09:57:05.628 [localhost-startStop-1] INFO  o.s.b.w.s.DelegatingFilterProxyRegistrationBean -Mapping filter: 'springSecurityFilterChain' to: [/*]
2019-12-11 09:57:05.629 [localhost-startStop-1] INFO  o.s.b.w.s.ServletRegistrationBean -Mapping servlet: 'dispatcherServlet' to [/]
2019-12-11 09:57:07.318 [main] INFO  o.s.s.web.DefaultSecurityFilterChain -Creating filter chain: Ant [pattern='/**/*.js'], []
2019-12-11 09:57:07.319 [main] INFO  o.s.s.web.DefaultSecurityFilterChain -Creating filter chain: Ant [pattern='/**/*.css'], []
2019-12-11 09:57:07.320 [main] INFO  o.s.s.web.DefaultSecurityFilterChain -Creating filter chain: Ant [pattern='/**/*.jpg'], []
2019-12-11 09:57:07.320 [main] INFO  o.s.s.web.DefaultSecurityFilterChain -Creating filter chain: Ant [pattern='/**/*.png'], []
2019-12-11 09:57:07.483 [main] INFO  o.s.s.web.DefaultSecurityFilterChain -Creating filter chain: org.springframework.security.web.util.matcher.AnyRequestMatcher@1, [org.springframework.security.web.context.request.async.WebAsyncManagerIntegrationFilter@6b3f4bd8, org.springframework.security.web.context.SecurityContextPersistenceFilter@11399548, org.springframework.security.web.header.HeaderWriterFilter@3214bad, org.springframework.security.web.authentication.logout.LogoutFilter@1c68d0db, org.springframework.security.web.authentication.UsernamePasswordAuthenticationFilter@7c2b6acb, org.springframework.security.web.savedrequest.RequestCacheAwareFilter@46d0f89c, org.springframework.security.web.servletapi.SecurityContextHolderAwareRequestFilter@1c6e3ff9, org.springframework.security.web.authentication.AnonymousAuthenticationFilter@3e151e1f, org.springframework.security.web.session.SessionManagementFilter@43e8f1c, org.springframework.security.web.access.ExceptionTranslationFilter@464aeb09, org.springframework.security.web.access.intercept.FilterSecurityInterceptor@59a09be]
2019-12-11 09:57:07.624 [main] INFO  o.s.w.s.m.m.a.RequestMappingHandlerAdapter -Looking for @ControllerAdvice: org.springframework.boot.context.embedded.AnnotationConfigEmbeddedWebApplicationContext@72ea6193: startup date [Wed Dec 11 09:57:02 CST 2019]; root of context hierarchy
2019-12-11 09:57:07.717 [main] INFO  o.s.w.s.m.m.a.RequestMappingHandlerMapping -Mapped "{[/account],params=[getAccountData]}" onto public com.alibaba.fastjson.JSONObject tools.perkinelmer.Controller.AccountController.getAccountData(int,int)
2019-12-11 09:57:07.719 [main] INFO  o.s.w.s.m.m.a.RequestMappingHandlerMapping -Mapped "{[/account],params=[deleteAccountById]}" onto public tools.perkinelmer.entity.Result tools.perkinelmer.Controller.AccountController.deleteAccountById(java.lang.String)
2019-12-11 09:57:07.719 [main] INFO  o.s.w.s.m.m.a.RequestMappingHandlerMapping -Mapped "{[/account],params=[editAccountById]}" onto public tools.perkinelmer.entity.Result tools.perkinelmer.Controller.AccountController.editAccountById(java.lang.String,java.lang.String,java.lang.String,java.lang.String,java.lang.String,java.lang.String,java.lang.String,java.lang.String)
2019-12-11 09:57:07.720 [main] INFO  o.s.w.s.m.m.a.RequestMappingHandlerMapping -Mapped "{[/account],params=[addAccount]}" onto public tools.perkinelmer.entity.Result tools.perkinelmer.Controller.AccountController.addAccount(java.lang.String,java.lang.String,java.lang.String,java.lang.String,java.lang.String,java.lang.String,java.lang.String)
2019-12-11 09:57:07.722 [main] INFO  o.s.w.s.m.m.a.RequestMappingHandlerMapping -Mapped "{[/calllog],params=[getCallLogData]}" onto public com.alibaba.fastjson.JSONObject tools.perkinelmer.Controller.CallLogsController.getCallLogData(int,int)
2019-12-11 09:57:07.723 [main] INFO  o.s.w.s.m.m.a.RequestMappingHandlerMapping -Mapped "{[/main/logout]}" onto public void tools.perkinelmer.Controller.MainController.logoutPage(javax.servlet.http.HttpServletRequest,javax.servlet.http.HttpServletResponse)
2019-12-11 09:57:07.726 [main] INFO  o.s.w.s.m.m.a.RequestMappingHandlerMapping -Mapped "{[/role],params=[getAuthoritysByRoleId]}" onto public com.alibaba.fastjson.JSONArray tools.perkinelmer.Controller.RoleController.getAuthoritysByRoleId(int)
2019-12-11 09:57:07.728 [main] INFO  o.s.w.s.m.m.a.RequestMappingHandlerMapping -Mapped "{[/role],params=[addRole]}" onto public tools.perkinelmer.entity.Result tools.perkinelmer.Controller.RoleController.addRole(java.lang.String,java.lang.String)
2019-12-11 09:57:07.728 [main] INFO  o.s.w.s.m.m.a.RequestMappingHandlerMapping -Mapped "{[/role],params=[getAllRoles]}" onto public tools.perkinelmer.entity.Result tools.perkinelmer.Controller.RoleController.getAllRoles()
2019-12-11 09:57:07.728 [main] INFO  o.s.w.s.m.m.a.RequestMappingHandlerMapping -Mapped "{[/role],params=[getAllRolesData]}" onto public com.alibaba.fastjson.JSONObject tools.perkinelmer.Controller.RoleController.getAllRolesData(int,int)
2019-12-11 09:57:07.729 [main] INFO  o.s.w.s.m.m.a.RequestMappingHandlerMapping -Mapped "{[/role],params=[deleteRoleById]}" onto public tools.perkinelmer.entity.Result tools.perkinelmer.Controller.RoleController.deleteRoleById(java.lang.String)
2019-12-11 09:57:07.730 [main] INFO  o.s.w.s.m.m.a.RequestMappingHandlerMapping -Mapped "{[/role],params=[editUserById]}" onto public tools.perkinelmer.entity.Result tools.perkinelmer.Controller.RoleController.editUserById(java.lang.String,java.lang.String,java.lang.String)
2019-12-11 09:57:07.740 [main] INFO  o.s.w.s.m.m.a.RequestMappingHandlerMapping -Mapped "{[/service],params=[addService]}" onto public tools.perkinelmer.entity.Result tools.perkinelmer.Controller.ServiceController.addService(java.lang.String,java.lang.String,java.lang.String,java.lang.String,java.lang.String,java.lang.String)
2019-12-11 09:57:07.740 [main] INFO  o.s.w.s.m.m.a.RequestMappingHandlerMapping -Mapped "{[/service],params=[editServiceById]}" onto public tools.perkinelmer.entity.Result tools.perkinelmer.Controller.ServiceController.editServiceById(java.lang.String,java.lang.String,java.lang.String,java.lang.String,java.lang.String,java.lang.String,java.lang.String)
2019-12-11 09:57:07.741 [main] INFO  o.s.w.s.m.m.a.RequestMappingHandlerMapping -Mapped "{[/service],params=[getServiceData]}" onto public com.alibaba.fastjson.JSONObject tools.perkinelmer.Controller.ServiceController.getServiceData(int,int)
2019-12-11 09:57:07.742 [main] INFO  o.s.w.s.m.m.a.RequestMappingHandlerMapping -Mapped "{[/service],params=[deleteServiceById]}" onto public tools.perkinelmer.entity.Result tools.perkinelmer.Controller.ServiceController.deleteServiceById(java.lang.String)
2019-12-11 09:57:07.746 [main] INFO  o.s.w.s.m.m.a.RequestMappingHandlerMapping -Mapped "{[/subscription],params=[editSubScriptionById]}" onto public tools.perkinelmer.entity.Result tools.perkinelmer.Controller.SubScriptionController.editSubScriptionById(java.lang.String,java.lang.String,java.lang.String)
2019-12-11 09:57:07.746 [main] INFO  o.s.w.s.m.m.a.RequestMappingHandlerMapping -Mapped "{[/subscription],params=[getSubscriptionInfoDetail]}" onto public tools.perkinelmer.entity.Result tools.perkinelmer.Controller.SubScriptionController.getSubscriptionInfoDetail()
2019-12-11 09:57:07.746 [main] INFO  o.s.w.s.m.m.a.RequestMappingHandlerMapping -Mapped "{[/subscription],params=[deleteSubScriptionById]}" onto public tools.perkinelmer.entity.Result tools.perkinelmer.Controller.SubScriptionController.deleteSubScriptionById(java.lang.String)
2019-12-11 09:57:07.747 [main] INFO  o.s.w.s.m.m.a.RequestMappingHandlerMapping -Mapped "{[/subscription],params=[getSubScriptionData]}" onto public com.alibaba.fastjson.JSONObject tools.perkinelmer.Controller.SubScriptionController.getSubScriptionData(int,int)
2019-12-11 09:57:07.747 [main] INFO  o.s.w.s.m.m.a.RequestMappingHandlerMapping -Mapped "{[/subscription],params=[addSubScription]}" onto public tools.perkinelmer.entity.Result tools.perkinelmer.Controller.SubScriptionController.addSubScription(java.lang.String,java.lang.String)
2019-12-11 09:57:07.749 [main] INFO  o.s.w.s.m.m.a.RequestMappingHandlerMapping -Mapped "{[/user],params=[getUserData]}" onto public com.alibaba.fastjson.JSONObject tools.perkinelmer.Controller.UserController.getUserData(int,int)
2019-12-11 09:57:07.749 [main] INFO  o.s.w.s.m.m.a.RequestMappingHandlerMapping -Mapped "{[/user],params=[addUser]}" onto public tools.perkinelmer.entity.Result tools.perkinelmer.Controller.UserController.addUser(java.lang.String,java.lang.String,java.lang.String,java.lang.String,java.lang.String)
2019-12-11 09:57:07.749 [main] INFO  o.s.w.s.m.m.a.RequestMappingHandlerMapping -Mapped "{[/user],params=[deleteUserById]}" onto public tools.perkinelmer.entity.Result tools.perkinelmer.Controller.UserController.deleteAccountById(java.lang.String)
2019-12-11 09:57:07.750 [main] INFO  o.s.w.s.m.m.a.RequestMappingHandlerMapping -Mapped "{[/user],params=[editUserById]}" onto public tools.perkinelmer.entity.Result tools.perkinelmer.Controller.UserController.editUserById(java.lang.String,java.lang.String,java.lang.String,java.lang.String,java.lang.String,java.lang.String,java.lang.String)
2019-12-11 09:57:07.751 [main] INFO  o.s.w.s.m.m.a.RequestMappingHandlerMapping -Mapped "{[/workflow],params=[editWorkflowByWorkFlowName]}" onto public tools.perkinelmer.entity.Result tools.perkinelmer.Controller.WorkFlowController.editWorkflowByWorkFlowName(java.lang.String,java.lang.String,java.lang.String,java.lang.String,java.lang.String,java.lang.String,java.lang.Integer,java.lang.Integer,java.lang.String)
2019-12-11 09:57:07.751 [main] INFO  o.s.w.s.m.m.a.RequestMappingHandlerMapping -Mapped "{[/workflow],params=[updateWorkFlowState]}" onto public tools.perkinelmer.entity.Result tools.perkinelmer.Controller.WorkFlowController.updateWorkFlowState(java.lang.String,java.lang.Integer,java.lang.String)
2019-12-11 09:57:07.752 [main] INFO  o.s.w.s.m.m.a.RequestMappingHandlerMapping -Mapped "{[/workflow],params=[deleteWorkFlowByWorkFlowName]}" onto public tools.perkinelmer.entity.Result tools.perkinelmer.Controller.WorkFlowController.deleteAccountById(java.lang.String,java.lang.String)
2019-12-11 09:57:07.753 [main] INFO  o.s.w.s.m.m.a.RequestMappingHandlerMapping -Mapped "{[/workflow],params=[getWorkflowData]}" onto public tools.perkinelmer.entity.Result tools.perkinelmer.Controller.WorkFlowController.getWorkflowData(java.lang.String)
2019-12-11 09:57:07.753 [main] INFO  o.s.w.s.m.m.a.RequestMappingHandlerMapping -Mapped "{[/workflow],params=[addWorkFlow]}" onto public tools.perkinelmer.entity.Result tools.perkinelmer.Controller.WorkFlowController.addWorkFlow(java.lang.String,java.lang.String,java.lang.String,java.lang.String,java.lang.String,java.lang.String,java.lang.Integer,java.lang.Integer,java.lang.String)
2019-12-11 09:57:07.755 [main] INFO  o.s.w.s.m.m.a.RequestMappingHandlerMapping -Mapped "{[/error]}" onto public org.springframework.http.ResponseEntity<java.util.Map<java.lang.String, java.lang.Object>> org.springframework.boot.autoconfigure.web.BasicErrorController.error(javax.servlet.http.HttpServletRequest)
2019-12-11 09:57:07.756 [main] INFO  o.s.w.s.m.m.a.RequestMappingHandlerMapping -Mapped "{[/error],produces=[text/html]}" onto public org.springframework.web.servlet.ModelAndView org.springframework.boot.autoconfigure.web.BasicErrorController.errorHtml(javax.servlet.http.HttpServletRequest,javax.servlet.http.HttpServletResponse)
2019-12-11 09:57:07.786 [main] INFO  o.s.w.s.h.SimpleUrlHandlerMapping -Mapped URL path [/login] onto handler of type [class org.springframework.web.servlet.mvc.ParameterizableViewController]
2019-12-11 09:57:07.787 [main] INFO  o.s.w.s.h.SimpleUrlHandlerMapping -Mapped URL path [/main] onto handler of type [class org.springframework.web.servlet.mvc.ParameterizableViewController]
2019-12-11 09:57:07.812 [main] INFO  o.s.w.s.h.SimpleUrlHandlerMapping -Mapped URL path [/webjars/**] onto handler of type [class org.springframework.web.servlet.resource.ResourceHttpRequestHandler]
2019-12-11 09:57:07.813 [main] INFO  o.s.w.s.h.SimpleUrlHandlerMapping -Mapped URL path [/**] onto handler of type [class org.springframework.web.servlet.resource.ResourceHttpRequestHandler]
2019-12-11 09:57:07.915 [main] INFO  o.s.w.s.h.SimpleUrlHandlerMapping -Mapped URL path [/**/favicon.ico] onto handler of type [class org.springframework.web.servlet.resource.ResourceHttpRequestHandler]
2019-12-11 09:57:09.302 [main] INFO  o.s.j.e.a.AnnotationMBeanExporter -Registering beans for JMX exposure on startup
2019-12-11 09:57:09.974 [main] INFO  o.s.b.c.e.t.TomcatEmbeddedServletContainer -Tomcat started on port(s): 8880 (http)
2019-12-11 09:57:09.981 [main] INFO  tools.perkinelmer.Application -Started Application in 8.524 seconds (JVM running for 13.267)
2019-12-11 09:57:42.402 [http-nio-8880-exec-1] INFO  o.a.c.c.C.[.[localhost].[/WSManager] -Initializing Spring FrameworkServlet 'dispatcherServlet'
2019-12-11 09:57:42.404 [http-nio-8880-exec-1] INFO  o.s.web.servlet.DispatcherServlet -FrameworkServlet 'dispatcherServlet': initialization started
2019-12-11 09:57:42.468 [http-nio-8880-exec-1] INFO  o.s.web.servlet.DispatcherServlet -FrameworkServlet 'dispatcherServlet': initialization completed in 62 ms
2019-12-11 09:57:43.285 [http-nio-8880-exec-1] INFO  o.a.c.util.SessionIdGeneratorBase -Creation of SecureRandom instance for session ID generation using [SHA1PRNG] took [749] milliseconds.
2019-12-11 11:42:28.135 [RMI TCP Connection(6)-127.0.0.1] INFO  o.s.b.a.SpringApplicationAdminMXBeanRegistrar$SpringApplicationAdmin -Application shutdown requested.
2019-12-11 11:42:28.148 [RMI TCP Connection(6)-127.0.0.1] INFO  o.s.b.c.e.AnnotationConfigEmbeddedWebApplicationContext -Closing org.springframework.boot.context.embedded.AnnotationConfigEmbeddedWebApplicationContext@72ea6193: startup date [Wed Dec 11 09:57:02 CST 2019]; root of context hierarchy
2019-12-11 11:42:28.215 [RMI TCP Connection(6)-127.0.0.1] INFO  o.s.j.e.a.AnnotationMBeanExporter -Unregistering JMX-exposed beans on shutdown
2019-12-11 16:07:37.553 [main] INFO  tools.perkinelmer.Application -Starting Application on SHALL940 with PID 35564 (C:\Perkinelmer\githubWorkSpace\ESB\PKISignalESBManager\target\classes started by wangj01052 in C:\Perkinelmer\githubWorkSpace\ESB\PKISignalESBManager)
2019-12-11 16:07:37.560 [main] INFO  tools.perkinelmer.Application -The following profiles are active: sit
2019-12-11 16:07:37.909 [main] INFO  o.s.b.c.e.AnnotationConfigEmbeddedWebApplicationContext -Refreshing org.springframework.boot.context.embedded.AnnotationConfigEmbeddedWebApplicationContext@788fcafb: startup date [Wed Dec 11 16:07:37 CST 2019]; root of context hierarchy
2019-12-11 16:07:40.027 [main] INFO  o.s.c.s.PostProcessorRegistrationDelegate$BeanPostProcessorChecker -Bean 'org.springframework.transaction.annotation.ProxyTransactionManagementConfiguration' of type [org.springframework.transaction.annotation.ProxyTransactionManagementConfiguration$$EnhancerBySpringCGLIB$$f8f1190a] is not eligible for getting processed by all BeanPostProcessors (for example: not eligible for auto-proxying)
2019-12-11 16:07:40.519 [main] INFO  o.s.b.c.e.t.TomcatEmbeddedServletContainer -Tomcat initialized with port(s): 8880 (http)
2019-12-11 16:07:40.537 [main] INFO  o.a.catalina.core.StandardService -Starting service Tomcat
2019-12-11 16:07:40.539 [main] INFO  o.a.catalina.core.StandardEngine -Starting Servlet Engine: Apache Tomcat/8.5.11
2019-12-11 16:07:40.754 [localhost-startStop-1] INFO  o.a.c.c.C.[.[localhost].[/WSManager] -Initializing Spring embedded WebApplicationContext
2019-12-11 16:07:40.756 [localhost-startStop-1] INFO  o.s.web.context.ContextLoader -Root WebApplicationContext: initialization completed in 2847 ms
2019-12-11 16:07:41.176 [localhost-startStop-1] INFO  o.s.b.w.s.FilterRegistrationBean -Mapping filter: 'characterEncodingFilter' to: [/*]
2019-12-11 16:07:41.176 [localhost-startStop-1] INFO  o.s.b.w.s.FilterRegistrationBean -Mapping filter: 'hiddenHttpMethodFilter' to: [/*]
2019-12-11 16:07:41.177 [localhost-startStop-1] INFO  o.s.b.w.s.FilterRegistrationBean -Mapping filter: 'httpPutFormContentFilter' to: [/*]
2019-12-11 16:07:41.179 [localhost-startStop-1] INFO  o.s.b.w.s.FilterRegistrationBean -Mapping filter: 'requestContextFilter' to: [/*]
2019-12-11 16:07:41.182 [localhost-startStop-1] INFO  o.s.b.w.s.DelegatingFilterProxyRegistrationBean -Mapping filter: 'springSecurityFilterChain' to: [/*]
2019-12-11 16:07:41.182 [localhost-startStop-1] INFO  o.s.b.w.s.ServletRegistrationBean -Mapping servlet: 'dispatcherServlet' to [/]
2019-12-11 16:07:42.808 [main] INFO  o.s.s.web.DefaultSecurityFilterChain -Creating filter chain: Ant [pattern='/**/*.js'], []
2019-12-11 16:07:42.809 [main] INFO  o.s.s.web.DefaultSecurityFilterChain -Creating filter chain: Ant [pattern='/**/*.css'], []
2019-12-11 16:07:42.810 [main] INFO  o.s.s.web.DefaultSecurityFilterChain -Creating filter chain: Ant [pattern='/**/*.jpg'], []
2019-12-11 16:07:42.810 [main] INFO  o.s.s.web.DefaultSecurityFilterChain -Creating filter chain: Ant [pattern='/**/*.png'], []
2019-12-11 16:07:42.959 [main] INFO  o.s.s.web.DefaultSecurityFilterChain -Creating filter chain: org.springframework.security.web.util.matcher.AnyRequestMatcher@1, [org.springframework.security.web.context.request.async.WebAsyncManagerIntegrationFilter@2c8a445b, org.springframework.security.web.context.SecurityContextPersistenceFilter@1152900, org.springframework.security.web.header.HeaderWriterFilter@1de7f898, org.springframework.security.web.authentication.logout.LogoutFilter@634aa81e, org.springframework.security.web.authentication.UsernamePasswordAuthenticationFilter@1682e6a, org.springframework.security.web.savedrequest.RequestCacheAwareFilter@2cbe455c, org.springframework.security.web.servletapi.SecurityContextHolderAwareRequestFilter@b5c902, org.springframework.security.web.authentication.AnonymousAuthenticationFilter@356b6b5d, org.springframework.security.web.session.SessionManagementFilter@63db743d, org.springframework.security.web.access.ExceptionTranslationFilter@18907af2, org.springframework.security.web.access.intercept.FilterSecurityInterceptor@4af12a63]
2019-12-11 16:07:43.130 [main] INFO  o.s.w.s.m.m.a.RequestMappingHandlerAdapter -Looking for @ControllerAdvice: org.springframework.boot.context.embedded.AnnotationConfigEmbeddedWebApplicationContext@788fcafb: startup date [Wed Dec 11 16:07:37 CST 2019]; root of context hierarchy
2019-12-11 16:07:43.198 [main] INFO  o.s.w.s.m.m.a.RequestMappingHandlerMapping -Mapped "{[/account],params=[getAccountData]}" onto public com.alibaba.fastjson.JSONObject tools.perkinelmer.Controller.AccountController.getAccountData(int,int)
2019-12-11 16:07:43.199 [main] INFO  o.s.w.s.m.m.a.RequestMappingHandlerMapping -Mapped "{[/account],params=[editAccountById]}" onto public tools.perkinelmer.entity.Result tools.perkinelmer.Controller.AccountController.editAccountById(java.lang.String,java.lang.String,java.lang.String,java.lang.String,java.lang.String,java.lang.String,java.lang.String,java.lang.String)
2019-12-11 16:07:43.201 [main] INFO  o.s.w.s.m.m.a.RequestMappingHandlerMapping -Mapped "{[/account],params=[deleteAccountById]}" onto public tools.perkinelmer.entity.Result tools.perkinelmer.Controller.AccountController.deleteAccountById(java.lang.String)
2019-12-11 16:07:43.204 [main] INFO  o.s.w.s.m.m.a.RequestMappingHandlerMapping -Mapped "{[/account],params=[addAccount]}" onto public tools.perkinelmer.entity.Result tools.perkinelmer.Controller.AccountController.addAccount(java.lang.String,java.lang.String,java.lang.String,java.lang.String,java.lang.String,java.lang.String,java.lang.String)
2019-12-11 16:07:43.205 [main] INFO  o.s.w.s.m.m.a.RequestMappingHandlerMapping -Mapped "{[/calllog],params=[getCallLogData]}" onto public com.alibaba.fastjson.JSONObject tools.perkinelmer.Controller.CallLogsController.getCallLogData(int,int)
2019-12-11 16:07:43.206 [main] INFO  o.s.w.s.m.m.a.RequestMappingHandlerMapping -Mapped "{[/main/logout]}" onto public void tools.perkinelmer.Controller.MainController.logoutPage(javax.servlet.http.HttpServletRequest,javax.servlet.http.HttpServletResponse)
2019-12-11 16:07:43.207 [main] INFO  o.s.w.s.m.m.a.RequestMappingHandlerMapping -Mapped "{[/role],params=[addRole]}" onto public tools.perkinelmer.entity.Result tools.perkinelmer.Controller.RoleController.addRole(java.lang.String,java.lang.String)
2019-12-11 16:07:43.209 [main] INFO  o.s.w.s.m.m.a.RequestMappingHandlerMapping -Mapped "{[/role],params=[getAllRoles]}" onto public tools.perkinelmer.entity.Result tools.perkinelmer.Controller.RoleController.getAllRoles()
2019-12-11 16:07:43.209 [main] INFO  o.s.w.s.m.m.a.RequestMappingHandlerMapping -Mapped "{[/role],params=[editUserById]}" onto public tools.perkinelmer.entity.Result tools.perkinelmer.Controller.RoleController.editUserById(java.lang.String,java.lang.String,java.lang.String)
2019-12-11 16:07:43.209 [main] INFO  o.s.w.s.m.m.a.RequestMappingHandlerMapping -Mapped "{[/role],params=[getAllRolesData]}" onto public com.alibaba.fastjson.JSONObject tools.perkinelmer.Controller.RoleController.getAllRolesData(int,int)
2019-12-11 16:07:43.210 [main] INFO  o.s.w.s.m.m.a.RequestMappingHandlerMapping -Mapped "{[/role],params=[deleteRoleById]}" onto public tools.perkinelmer.entity.Result tools.perkinelmer.Controller.RoleController.deleteRoleById(java.lang.String)
2019-12-11 16:07:43.211 [main] INFO  o.s.w.s.m.m.a.RequestMappingHandlerMapping -Mapped "{[/role],params=[getAuthoritysByRoleId]}" onto public com.alibaba.fastjson.JSONArray tools.perkinelmer.Controller.RoleController.getAuthoritysByRoleId(int)
2019-12-11 16:07:43.217 [main] INFO  o.s.w.s.m.m.a.RequestMappingHandlerMapping -Mapped "{[/service],params=[addService]}" onto public tools.perkinelmer.entity.Result tools.perkinelmer.Controller.ServiceController.addService(java.lang.String,java.lang.String,java.lang.String,java.lang.String,java.lang.String,java.lang.String)
2019-12-11 16:07:43.218 [main] INFO  o.s.w.s.m.m.a.RequestMappingHandlerMapping -Mapped "{[/service],params=[editServiceById]}" onto public tools.perkinelmer.entity.Result tools.perkinelmer.Controller.ServiceController.editServiceById(java.lang.String,java.lang.String,java.lang.String,java.lang.String,java.lang.String,java.lang.String,java.lang.String)
2019-12-11 16:07:43.219 [main] INFO  o.s.w.s.m.m.a.RequestMappingHandlerMapping -Mapped "{[/service],params=[getServiceData]}" onto public com.alibaba.fastjson.JSONObject tools.perkinelmer.Controller.ServiceController.getServiceData(int,int)
2019-12-11 16:07:43.219 [main] INFO  o.s.w.s.m.m.a.RequestMappingHandlerMapping -Mapped "{[/service],params=[deleteServiceById]}" onto public tools.perkinelmer.entity.Result tools.perkinelmer.Controller.ServiceController.deleteServiceById(java.lang.String)
2019-12-11 16:07:43.220 [main] INFO  o.s.w.s.m.m.a.RequestMappingHandlerMapping -Mapped "{[/subscription],params=[addSubScription]}" onto public tools.perkinelmer.entity.Result tools.perkinelmer.Controller.SubScriptionController.addSubScription(java.lang.String,java.lang.String)
2019-12-11 16:07:43.221 [main] INFO  o.s.w.s.m.m.a.RequestMappingHandlerMapping -Mapped "{[/subscription],params=[getSubScriptionData]}" onto public com.alibaba.fastjson.JSONObject tools.perkinelmer.Controller.SubScriptionController.getSubScriptionData(int,int)
2019-12-11 16:07:43.221 [main] INFO  o.s.w.s.m.m.a.RequestMappingHandlerMapping -Mapped "{[/subscription],params=[editSubScriptionById]}" onto public tools.perkinelmer.entity.Result tools.perkinelmer.Controller.SubScriptionController.editSubScriptionById(java.lang.String,java.lang.String,java.lang.String)
2019-12-11 16:07:43.222 [main] INFO  o.s.w.s.m.m.a.RequestMappingHandlerMapping -Mapped "{[/subscription],params=[deleteSubScriptionById]}" onto public tools.perkinelmer.entity.Result tools.perkinelmer.Controller.SubScriptionController.deleteSubScriptionById(java.lang.String)
2019-12-11 16:07:43.222 [main] INFO  o.s.w.s.m.m.a.RequestMappingHandlerMapping -Mapped "{[/subscription],params=[getSubscriptionInfoDetail]}" onto public tools.perkinelmer.entity.Result tools.perkinelmer.Controller.SubScriptionController.getSubscriptionInfoDetail()
2019-12-11 16:07:43.223 [main] INFO  o.s.w.s.m.m.a.RequestMappingHandlerMapping -Mapped "{[/user],params=[getUserData]}" onto public com.alibaba.fastjson.JSONObject tools.perkinelmer.Controller.UserController.getUserData(int,int)
2019-12-11 16:07:43.223 [main] INFO  o.s.w.s.m.m.a.RequestMappingHandlerMapping -Mapped "{[/user],params=[addUser]}" onto public tools.perkinelmer.entity.Result tools.perkinelmer.Controller.UserController.addUser(java.lang.String,java.lang.String,java.lang.String,java.lang.String,java.lang.String)
2019-12-11 16:07:43.223 [main] INFO  o.s.w.s.m.m.a.RequestMappingHandlerMapping -Mapped "{[/user],params=[deleteUserById]}" onto public tools.perkinelmer.entity.Result tools.perkinelmer.Controller.UserController.deleteAccountById(java.lang.String)
2019-12-11 16:07:43.223 [main] INFO  o.s.w.s.m.m.a.RequestMappingHandlerMapping -Mapped "{[/user],params=[editUserById]}" onto public tools.perkinelmer.entity.Result tools.perkinelmer.Controller.UserController.editUserById(java.lang.String,java.lang.String,java.lang.String,java.lang.String,java.lang.String,java.lang.String,java.lang.String)
2019-12-11 16:07:43.224 [main] INFO  o.s.w.s.m.m.a.RequestMappingHandlerMapping -Mapped "{[/workflow],params=[deleteWorkFlowByWorkFlowName]}" onto public tools.perkinelmer.entity.Result tools.perkinelmer.Controller.WorkFlowController.deleteAccountById(java.lang.String,java.lang.String)
2019-12-11 16:07:43.225 [main] INFO  o.s.w.s.m.m.a.RequestMappingHandlerMapping -Mapped "{[/workflow],params=[addWorkFlow]}" onto public tools.perkinelmer.entity.Result tools.perkinelmer.Controller.WorkFlowController.addWorkFlow(java.lang.String,java.lang.String,java.lang.String,java.lang.String,java.lang.String,java.lang.String,java.lang.Integer,java.lang.Integer,java.lang.String)
2019-12-11 16:07:43.226 [main] INFO  o.s.w.s.m.m.a.RequestMappingHandlerMapping -Mapped "{[/workflow],params=[getWorkflowData]}" onto public tools.perkinelmer.entity.Result tools.perkinelmer.Controller.WorkFlowController.getWorkflowData(java.lang.String)
2019-12-11 16:07:43.226 [main] INFO  o.s.w.s.m.m.a.RequestMappingHandlerMapping -Mapped "{[/workflow],params=[updateWorkFlowState]}" onto public tools.perkinelmer.entity.Result tools.perkinelmer.Controller.WorkFlowController.updateWorkFlowState(java.lang.String,java.lang.Integer,java.lang.String)
2019-12-11 16:07:43.226 [main] INFO  o.s.w.s.m.m.a.RequestMappingHandlerMapping -Mapped "{[/workflow],params=[editWorkflowByWorkFlowName]}" onto public tools.perkinelmer.entity.Result tools.perkinelmer.Controller.WorkFlowController.editWorkflowByWorkFlowName(java.lang.String,java.lang.String,java.lang.String,java.lang.String,java.lang.String,java.lang.String,java.lang.Integer,java.lang.Integer,java.lang.String)
2019-12-11 16:07:43.228 [main] INFO  o.s.w.s.m.m.a.RequestMappingHandlerMapping -Mapped "{[/error]}" onto public org.springframework.http.ResponseEntity<java.util.Map<java.lang.String, java.lang.Object>> org.springframework.boot.autoconfigure.web.BasicErrorController.error(javax.servlet.http.HttpServletRequest)
2019-12-11 16:07:43.228 [main] INFO  o.s.w.s.m.m.a.RequestMappingHandlerMapping -Mapped "{[/error],produces=[text/html]}" onto public org.springframework.web.servlet.ModelAndView org.springframework.boot.autoconfigure.web.BasicErrorController.errorHtml(javax.servlet.http.HttpServletRequest,javax.servlet.http.HttpServletResponse)
2019-12-11 16:07:43.251 [main] INFO  o.s.w.s.h.SimpleUrlHandlerMapping -Mapped URL path [/login] onto handler of type [class org.springframework.web.servlet.mvc.ParameterizableViewController]
2019-12-11 16:07:43.252 [main] INFO  o.s.w.s.h.SimpleUrlHandlerMapping -Mapped URL path [/main] onto handler of type [class org.springframework.web.servlet.mvc.ParameterizableViewController]
2019-12-11 16:07:43.265 [main] INFO  o.s.w.s.h.SimpleUrlHandlerMapping -Mapped URL path [/webjars/**] onto handler of type [class org.springframework.web.servlet.resource.ResourceHttpRequestHandler]
2019-12-11 16:07:43.265 [main] INFO  o.s.w.s.h.SimpleUrlHandlerMapping -Mapped URL path [/**] onto handler of type [class org.springframework.web.servlet.resource.ResourceHttpRequestHandler]
2019-12-11 16:07:43.325 [main] INFO  o.s.w.s.h.SimpleUrlHandlerMapping -Mapped URL path [/**/favicon.ico] onto handler of type [class org.springframework.web.servlet.resource.ResourceHttpRequestHandler]
2019-12-11 16:07:44.650 [main] INFO  o.s.j.e.a.AnnotationMBeanExporter -Registering beans for JMX exposure on startup
2019-12-11 16:07:45.258 [main] INFO  o.s.b.c.e.t.TomcatEmbeddedServletContainer -Tomcat started on port(s): 8880 (http)
2019-12-11 16:07:45.262 [main] INFO  tools.perkinelmer.Application -Started Application in 8.202 seconds (JVM running for 10.995)
2019-12-11 16:08:08.553 [http-nio-8880-exec-1] INFO  o.a.c.c.C.[.[localhost].[/WSManager] -Initializing Spring FrameworkServlet 'dispatcherServlet'
2019-12-11 16:08:08.555 [http-nio-8880-exec-1] INFO  o.s.web.servlet.DispatcherServlet -FrameworkServlet 'dispatcherServlet': initialization started
2019-12-11 16:08:08.613 [http-nio-8880-exec-1] INFO  o.s.web.servlet.DispatcherServlet -FrameworkServlet 'dispatcherServlet': initialization completed in 58 ms
2019-12-11 16:08:09.632 [http-nio-8880-exec-1] INFO  o.a.c.util.SessionIdGeneratorBase -Creation of SecureRandom instance for session ID generation using [SHA1PRNG] took [939] milliseconds.
2019-12-11 17:29:31.678 [main] INFO  tools.perkinelmer.Application -Starting Application on SHALL940 with PID 21796 (C:\Perkinelmer\githubWorkSpace\ESB\PKISignalESBManager\target\classes started by wangj01052 in C:\Perkinelmer\githubWorkSpace\ESB\PKISignalESBManager)
2019-12-11 17:29:31.682 [main] INFO  tools.perkinelmer.Application -The following profiles are active: sit
2019-12-11 17:29:31.991 [main] INFO  o.s.b.c.e.AnnotationConfigEmbeddedWebApplicationContext -Refreshing org.springframework.boot.context.embedded.AnnotationConfigEmbeddedWebApplicationContext@53251a66: startup date [Wed Dec 11 17:29:31 CST 2019]; root of context hierarchy
2019-12-11 17:29:33.763 [main] INFO  o.s.c.s.PostProcessorRegistrationDelegate$BeanPostProcessorChecker -Bean 'org.springframework.transaction.annotation.ProxyTransactionManagementConfiguration' of type [org.springframework.transaction.annotation.ProxyTransactionManagementConfiguration$$EnhancerBySpringCGLIB$$d7db709a] is not eligible for getting processed by all BeanPostProcessors (for example: not eligible for auto-proxying)
2019-12-11 17:29:34.246 [main] INFO  o.s.b.c.e.t.TomcatEmbeddedServletContainer -Tomcat initialized with port(s): 8880 (http)
2019-12-11 17:29:34.263 [main] INFO  o.a.catalina.core.StandardService -Starting service Tomcat
2019-12-11 17:29:34.265 [main] INFO  o.a.catalina.core.StandardEngine -Starting Servlet Engine: Apache Tomcat/8.5.11
2019-12-11 17:29:34.461 [localhost-startStop-1] INFO  o.a.c.c.C.[.[localhost].[/WSManager] -Initializing Spring embedded WebApplicationContext
2019-12-11 17:29:34.464 [localhost-startStop-1] INFO  o.s.web.context.ContextLoader -Root WebApplicationContext: initialization completed in 2473 ms
2019-12-11 17:29:34.850 [localhost-startStop-1] INFO  o.s.b.w.s.FilterRegistrationBean -Mapping filter: 'characterEncodingFilter' to: [/*]
2019-12-11 17:29:34.853 [localhost-startStop-1] INFO  o.s.b.w.s.FilterRegistrationBean -Mapping filter: 'hiddenHttpMethodFilter' to: [/*]
2019-12-11 17:29:34.854 [localhost-startStop-1] INFO  o.s.b.w.s.FilterRegistrationBean -Mapping filter: 'httpPutFormContentFilter' to: [/*]
2019-12-11 17:29:34.855 [localhost-startStop-1] INFO  o.s.b.w.s.FilterRegistrationBean -Mapping filter: 'requestContextFilter' to: [/*]
2019-12-11 17:29:34.857 [localhost-startStop-1] INFO  o.s.b.w.s.DelegatingFilterProxyRegistrationBean -Mapping filter: 'springSecurityFilterChain' to: [/*]
2019-12-11 17:29:34.857 [localhost-startStop-1] INFO  o.s.b.w.s.ServletRegistrationBean -Mapping servlet: 'dispatcherServlet' to [/]
2019-12-11 17:29:36.394 [main] INFO  o.s.s.web.DefaultSecurityFilterChain -Creating filter chain: Ant [pattern='/**/*.js'], []
2019-12-11 17:29:36.396 [main] INFO  o.s.s.web.DefaultSecurityFilterChain -Creating filter chain: Ant [pattern='/**/*.css'], []
2019-12-11 17:29:36.396 [main] INFO  o.s.s.web.DefaultSecurityFilterChain -Creating filter chain: Ant [pattern='/**/*.jpg'], []
2019-12-11 17:29:36.396 [main] INFO  o.s.s.web.DefaultSecurityFilterChain -Creating filter chain: Ant [pattern='/**/*.png'], []
2019-12-11 17:29:36.515 [main] INFO  o.s.s.web.DefaultSecurityFilterChain -Creating filter chain: org.springframework.security.web.util.matcher.AnyRequestMatcher@1, [org.springframework.security.web.context.request.async.WebAsyncManagerIntegrationFilter@19b5214b, org.springframework.security.web.context.SecurityContextPersistenceFilter@de77146, org.springframework.security.web.header.HeaderWriterFilter@67b61834, org.springframework.security.web.authentication.logout.LogoutFilter@3dfd6220, org.springframework.security.web.authentication.UsernamePasswordAuthenticationFilter@448462f0, org.springframework.security.web.savedrequest.RequestCacheAwareFilter@5c8d58ed, org.springframework.security.web.servletapi.SecurityContextHolderAwareRequestFilter@6a09484c, org.springframework.security.web.authentication.AnonymousAuthenticationFilter@5fb3111a, org.springframework.security.web.session.SessionManagementFilter@50598a1a, org.springframework.security.web.access.ExceptionTranslationFilter@496cc217, org.springframework.security.web.access.intercept.FilterSecurityInterceptor@6ac45c0c]
2019-12-11 17:29:36.628 [main] INFO  o.s.w.s.m.m.a.RequestMappingHandlerAdapter -Looking for @ControllerAdvice: org.springframework.boot.context.embedded.AnnotationConfigEmbeddedWebApplicationContext@53251a66: startup date [Wed Dec 11 17:29:31 CST 2019]; root of context hierarchy
2019-12-11 17:29:36.703 [main] INFO  o.s.w.s.m.m.a.RequestMappingHandlerMapping -Mapped "{[/account],params=[addAccount]}" onto public tools.perkinelmer.entity.Result tools.perkinelmer.Controller.AccountController.addAccount(java.lang.String,java.lang.String,java.lang.String,java.lang.String,java.lang.String,java.lang.String,java.lang.String)
2019-12-11 17:29:36.705 [main] INFO  o.s.w.s.m.m.a.RequestMappingHandlerMapping -Mapped "{[/account],params=[getAccountData]}" onto public com.alibaba.fastjson.JSONObject tools.perkinelmer.Controller.AccountController.getAccountData(int,int)
2019-12-11 17:29:36.706 [main] INFO  o.s.w.s.m.m.a.RequestMappingHandlerMapping -Mapped "{[/account],params=[editAccountById]}" onto public tools.perkinelmer.entity.Result tools.perkinelmer.Controller.AccountController.editAccountById(java.lang.String,java.lang.String,java.lang.String,java.lang.String,java.lang.String,java.lang.String,java.lang.String,java.lang.String)
2019-12-11 17:29:36.711 [main] INFO  o.s.w.s.m.m.a.RequestMappingHandlerMapping -Mapped "{[/account],params=[deleteAccountById]}" onto public tools.perkinelmer.entity.Result tools.perkinelmer.Controller.AccountController.deleteAccountById(java.lang.String)
2019-12-11 17:29:36.712 [main] INFO  o.s.w.s.m.m.a.RequestMappingHandlerMapping -Mapped "{[/calllog],params=[getCallLogData]}" onto public com.alibaba.fastjson.JSONObject tools.perkinelmer.Controller.CallLogsController.getCallLogData(int,int)
2019-12-11 17:29:36.713 [main] INFO  o.s.w.s.m.m.a.RequestMappingHandlerMapping -Mapped "{[/main/logout]}" onto public void tools.perkinelmer.Controller.MainController.logoutPage(javax.servlet.http.HttpServletRequest,javax.servlet.http.HttpServletResponse)
2019-12-11 17:29:36.715 [main] INFO  o.s.w.s.m.m.a.RequestMappingHandlerMapping -Mapped "{[/role],params=[getAuthoritysByRoleId]}" onto public com.alibaba.fastjson.JSONArray tools.perkinelmer.Controller.RoleController.getAuthoritysByRoleId(int)
2019-12-11 17:29:36.720 [main] INFO  o.s.w.s.m.m.a.RequestMappingHandlerMapping -Mapped "{[/role],params=[getAllRoles]}" onto public tools.perkinelmer.entity.Result tools.perkinelmer.Controller.RoleController.getAllRoles()
2019-12-11 17:29:36.721 [main] INFO  o.s.w.s.m.m.a.RequestMappingHandlerMapping -Mapped "{[/role],params=[editUserById]}" onto public tools.perkinelmer.entity.Result tools.perkinelmer.Controller.RoleController.editUserById(java.lang.String,java.lang.String,java.lang.String)
2019-12-11 17:29:36.722 [main] INFO  o.s.w.s.m.m.a.RequestMappingHandlerMapping -Mapped "{[/role],params=[deleteRoleById]}" onto public tools.perkinelmer.entity.Result tools.perkinelmer.Controller.RoleController.deleteRoleById(java.lang.String)
2019-12-11 17:29:36.722 [main] INFO  o.s.w.s.m.m.a.RequestMappingHandlerMapping -Mapped "{[/role],params=[getAllRolesData]}" onto public com.alibaba.fastjson.JSONObject tools.perkinelmer.Controller.RoleController.getAllRolesData(int,int)
2019-12-11 17:29:36.724 [main] INFO  o.s.w.s.m.m.a.RequestMappingHandlerMapping -Mapped "{[/role],params=[addRole]}" onto public tools.perkinelmer.entity.Result tools.perkinelmer.Controller.RoleController.addRole(java.lang.String,java.lang.String)
2019-12-11 17:29:36.729 [main] INFO  o.s.w.s.m.m.a.RequestMappingHandlerMapping -Mapped "{[/service],params=[addService]}" onto public tools.perkinelmer.entity.Result tools.perkinelmer.Controller.ServiceController.addService(java.lang.String,java.lang.String,java.lang.String,java.lang.String,java.lang.String,java.lang.String)
2019-12-11 17:29:36.730 [main] INFO  o.s.w.s.m.m.a.RequestMappingHandlerMapping -Mapped "{[/service],params=[editServiceById]}" onto public tools.perkinelmer.entity.Result tools.perkinelmer.Controller.ServiceController.editServiceById(java.lang.String,java.lang.String,java.lang.String,java.lang.String,java.lang.String,java.lang.String,java.lang.String)
2019-12-11 17:29:36.730 [main] INFO  o.s.w.s.m.m.a.RequestMappingHandlerMapping -Mapped "{[/service],params=[getServiceData]}" onto public com.alibaba.fastjson.JSONObject tools.perkinelmer.Controller.ServiceController.getServiceData(int,int)
2019-12-11 17:29:36.730 [main] INFO  o.s.w.s.m.m.a.RequestMappingHandlerMapping -Mapped "{[/service],params=[deleteServiceById]}" onto public tools.perkinelmer.entity.Result tools.perkinelmer.Controller.ServiceController.deleteServiceById(java.lang.String)
2019-12-11 17:29:36.731 [main] INFO  o.s.w.s.m.m.a.RequestMappingHandlerMapping -Mapped "{[/subscription],params=[editSubScriptionById]}" onto public tools.perkinelmer.entity.Result tools.perkinelmer.Controller.SubScriptionController.editSubScriptionById(java.lang.String,java.lang.String,java.lang.String)
2019-12-11 17:29:36.732 [main] INFO  o.s.w.s.m.m.a.RequestMappingHandlerMapping -Mapped "{[/subscription],params=[getSubscriptionInfoDetail]}" onto public tools.perkinelmer.entity.Result tools.perkinelmer.Controller.SubScriptionController.getSubscriptionInfoDetail()
2019-12-11 17:29:36.733 [main] INFO  o.s.w.s.m.m.a.RequestMappingHandlerMapping -Mapped "{[/subscription],params=[getSubScriptionData]}" onto public com.alibaba.fastjson.JSONObject tools.perkinelmer.Controller.SubScriptionController.getSubScriptionData(int,int)
2019-12-11 17:29:36.733 [main] INFO  o.s.w.s.m.m.a.RequestMappingHandlerMapping -Mapped "{[/subscription],params=[deleteSubScriptionById]}" onto public tools.perkinelmer.entity.Result tools.perkinelmer.Controller.SubScriptionController.deleteSubScriptionById(java.lang.String)
2019-12-11 17:29:36.733 [main] INFO  o.s.w.s.m.m.a.RequestMappingHandlerMapping -Mapped "{[/subscription],params=[addSubScription]}" onto public tools.perkinelmer.entity.Result tools.perkinelmer.Controller.SubScriptionController.addSubScription(java.lang.String,java.lang.String)
2019-12-11 17:29:36.735 [main] INFO  o.s.w.s.m.m.a.RequestMappingHandlerMapping -Mapped "{[/user],params=[getUserData]}" onto public com.alibaba.fastjson.JSONObject tools.perkinelmer.Controller.UserController.getUserData(int,int)
2019-12-11 17:29:36.735 [main] INFO  o.s.w.s.m.m.a.RequestMappingHandlerMapping -Mapped "{[/user],params=[deleteUserById]}" onto public tools.perkinelmer.entity.Result tools.perkinelmer.Controller.UserController.deleteAccountById(java.lang.String)
2019-12-11 17:29:36.736 [main] INFO  o.s.w.s.m.m.a.RequestMappingHandlerMapping -Mapped "{[/user],params=[editUserById]}" onto public tools.perkinelmer.entity.Result tools.perkinelmer.Controller.UserController.editUserById(java.lang.String,java.lang.String,java.lang.String,java.lang.String,java.lang.String,java.lang.String,java.lang.String)
2019-12-11 17:29:36.736 [main] INFO  o.s.w.s.m.m.a.RequestMappingHandlerMapping -Mapped "{[/user],params=[addUser]}" onto public tools.perkinelmer.entity.Result tools.perkinelmer.Controller.UserController.addUser(java.lang.String,java.lang.String,java.lang.String,java.lang.String,java.lang.String)
2019-12-11 17:29:36.738 [main] INFO  o.s.w.s.m.m.a.RequestMappingHandlerMapping -Mapped "{[/workflow],params=[editWorkflowByWorkFlowName]}" onto public tools.perkinelmer.entity.Result tools.perkinelmer.Controller.WorkFlowController.editWorkflowByWorkFlowName(java.lang.String,java.lang.String,java.lang.String,java.lang.String,java.lang.String,java.lang.String,java.lang.Integer,java.lang.Integer,java.lang.String)
2019-12-11 17:29:36.742 [main] INFO  o.s.w.s.m.m.a.RequestMappingHandlerMapping -Mapped "{[/workflow],params=[updateWorkFlowState]}" onto public tools.perkinelmer.entity.Result tools.perkinelmer.Controller.WorkFlowController.updateWorkFlowState(java.lang.String,java.lang.Integer,java.lang.String)
2019-12-11 17:29:36.745 [main] INFO  o.s.w.s.m.m.a.RequestMappingHandlerMapping -Mapped "{[/workflow],params=[deleteWorkFlowByWorkFlowName]}" onto public tools.perkinelmer.entity.Result tools.perkinelmer.Controller.WorkFlowController.deleteAccountById(java.lang.String,java.lang.String)
2019-12-11 17:29:36.745 [main] INFO  o.s.w.s.m.m.a.RequestMappingHandlerMapping -Mapped "{[/workflow],params=[getWorkflowData]}" onto public tools.perkinelmer.entity.Result tools.perkinelmer.Controller.WorkFlowController.getWorkflowData(java.lang.String)
2019-12-11 17:29:36.746 [main] INFO  o.s.w.s.m.m.a.RequestMappingHandlerMapping -Mapped "{[/workflow],params=[addWorkFlow]}" onto public tools.perkinelmer.entity.Result tools.perkinelmer.Controller.WorkFlowController.addWorkFlow(java.lang.String,java.lang.String,java.lang.String,java.lang.String,java.lang.String,java.lang.String,java.lang.Integer,java.lang.Integer,java.lang.String)
2019-12-11 17:29:36.748 [main] INFO  o.s.w.s.m.m.a.RequestMappingHandlerMapping -Mapped "{[/error]}" onto public org.springframework.http.ResponseEntity<java.util.Map<java.lang.String, java.lang.Object>> org.springframework.boot.autoconfigure.web.BasicErrorController.error(javax.servlet.http.HttpServletRequest)
2019-12-11 17:29:36.749 [main] INFO  o.s.w.s.m.m.a.RequestMappingHandlerMapping -Mapped "{[/error],produces=[text/html]}" onto public org.springframework.web.servlet.ModelAndView org.springframework.boot.autoconfigure.web.BasicErrorController.errorHtml(javax.servlet.http.HttpServletRequest,javax.servlet.http.HttpServletResponse)
2019-12-11 17:29:36.767 [main] INFO  o.s.w.s.h.SimpleUrlHandlerMapping -Mapped URL path [/login] onto handler of type [class org.springframework.web.servlet.mvc.ParameterizableViewController]
2019-12-11 17:29:36.768 [main] INFO  o.s.w.s.h.SimpleUrlHandlerMapping -Mapped URL path [/main] onto handler of type [class org.springframework.web.servlet.mvc.ParameterizableViewController]
2019-12-11 17:29:36.790 [main] INFO  o.s.w.s.h.SimpleUrlHandlerMapping -Mapped URL path [/webjars/**] onto handler of type [class org.springframework.web.servlet.resource.ResourceHttpRequestHandler]
2019-12-11 17:29:36.791 [main] INFO  o.s.w.s.h.SimpleUrlHandlerMapping -Mapped URL path [/**] onto handler of type [class org.springframework.web.servlet.resource.ResourceHttpRequestHandler]
2019-12-11 17:29:36.858 [main] INFO  o.s.w.s.h.SimpleUrlHandlerMapping -Mapped URL path [/**/favicon.ico] onto handler of type [class org.springframework.web.servlet.resource.ResourceHttpRequestHandler]
2019-12-11 17:29:37.841 [main] INFO  o.s.j.e.a.AnnotationMBeanExporter -Registering beans for JMX exposure on startup
2019-12-11 17:29:38.796 [main] INFO  o.s.b.c.e.t.TomcatEmbeddedServletContainer -Tomcat started on port(s): 8880 (http)
2019-12-11 17:29:38.803 [main] INFO  tools.perkinelmer.Application -Started Application in 7.557 seconds (JVM running for 9.9)
2019-12-11 17:42:03.923 [http-nio-8880-exec-1] INFO  o.a.c.c.C.[.[localhost].[/WSManager] -Initializing Spring FrameworkServlet 'dispatcherServlet'
2019-12-11 17:42:03.925 [http-nio-8880-exec-1] INFO  o.s.web.servlet.DispatcherServlet -FrameworkServlet 'dispatcherServlet': initialization started
2019-12-11 17:42:04.004 [http-nio-8880-exec-1] INFO  o.s.web.servlet.DispatcherServlet -FrameworkServlet 'dispatcherServlet': initialization completed in 78 ms
2019-12-11 17:42:04.856 [http-nio-8880-exec-1] INFO  o.a.c.util.SessionIdGeneratorBase -Creation of SecureRandom instance for session ID generation using [SHA1PRNG] took [767] milliseconds.
2019-12-11 17:42:30.255 [http-nio-8880-exec-10] INFO  o.s.b.f.xml.XmlBeanDefinitionReader -Loading XML bean definitions from class path resource [org/springframework/jdbc/support/sql-error-codes.xml]
2019-12-11 17:42:30.343 [http-nio-8880-exec-10] INFO  o.s.j.support.SQLErrorCodesFactory -SQLErrorCodes loaded: [DB2, Derby, H2, HSQL, Informix, MS-SQL, MySQL, Oracle, PostgreSQL, Sybase, Hana]
2019-12-11 17:42:30.359 [http-nio-8880-exec-10] ERROR t.p.S.ServiceImpl.AccountServiceImpl -org.springframework.dao.DataIntegrityViolationException: 
### Error updating database.  Cause: com.microsoft.sqlserver.jdbc.SQLServerException: DELETE 语句与 REFERENCE 约束"FK_AccountSubScription"冲突。该冲突发生于数据库"wsm"，表"dbo.SubScriptions", column 'Account_Id'。
### The error may involve tools.perkinelmer.Mapper.AccountMapper.deleteAccountById-Inline
### The error occurred while setting parameters
### SQL: delete from wsm.dbo.accounts where id = 7
### Cause: com.microsoft.sqlserver.jdbc.SQLServerException: DELETE 语句与 REFERENCE 约束"FK_AccountSubScription"冲突。该冲突发生于数据库"wsm"，表"dbo.SubScriptions", column 'Account_Id'。
; SQL []; DELETE 语句与 REFERENCE 约束"FK_AccountSubScription"冲突。该冲突发生于数据库"wsm"，表"dbo.SubScriptions", column 'Account_Id'。; nested exception is com.microsoft.sqlserver.jdbc.SQLServerException: DELETE 语句与 REFERENCE 约束"FK_AccountSubScription"冲突。该冲突发生于数据库"wsm"，表"dbo.SubScriptions", column 'Account_Id'。
2019-12-11 17:42:37.426 [http-nio-8880-exec-5] ERROR t.p.S.ServiceImpl.AccountServiceImpl -org.springframework.dao.DataIntegrityViolationException: 
### Error updating database.  Cause: com.microsoft.sqlserver.jdbc.SQLServerException: DELETE 语句与 REFERENCE 约束"FK_AccountSubScription"冲突。该冲突发生于数据库"wsm"，表"dbo.SubScriptions", column 'Account_Id'。
### The error may involve tools.perkinelmer.Mapper.AccountMapper.deleteAccountById-Inline
### The error occurred while setting parameters
### SQL: delete from wsm.dbo.accounts where id = 7
### Cause: com.microsoft.sqlserver.jdbc.SQLServerException: DELETE 语句与 REFERENCE 约束"FK_AccountSubScription"冲突。该冲突发生于数据库"wsm"，表"dbo.SubScriptions", column 'Account_Id'。
; SQL []; DELETE 语句与 REFERENCE 约束"FK_AccountSubScription"冲突。该冲突发生于数据库"wsm"，表"dbo.SubScriptions", column 'Account_Id'。; nested exception is com.microsoft.sqlserver.jdbc.SQLServerException: DELETE 语句与 REFERENCE 约束"FK_AccountSubScription"冲突。该冲突发生于数据库"wsm"，表"dbo.SubScriptions", column 'Account_Id'。
2019-12-11 17:43:05.887 [http-nio-8880-exec-9] ERROR t.p.S.ServiceImpl.AccountServiceImpl -org.springframework.dao.DataIntegrityViolationException: 
### Error updating database.  Cause: com.microsoft.sqlserver.jdbc.SQLServerException: DELETE 语句与 REFERENCE 约束"FK_AccountSubScription"冲突。该冲突发生于数据库"wsm"，表"dbo.SubScriptions", column 'Account_Id'。
### The error may involve tools.perkinelmer.Mapper.AccountMapper.deleteAccountById-Inline
### The error occurred while setting parameters
### SQL: delete from wsm.dbo.accounts where id = 7
### Cause: com.microsoft.sqlserver.jdbc.SQLServerException: DELETE 语句与 REFERENCE 约束"FK_AccountSubScription"冲突。该冲突发生于数据库"wsm"，表"dbo.SubScriptions", column 'Account_Id'。
; SQL []; DELETE 语句与 REFERENCE 约束"FK_AccountSubScription"冲突。该冲突发生于数据库"wsm"，表"dbo.SubScriptions", column 'Account_Id'。; nested exception is com.microsoft.sqlserver.jdbc.SQLServerException: DELETE 语句与 REFERENCE 约束"FK_AccountSubScription"冲突。该冲突发生于数据库"wsm"，表"dbo.SubScriptions", column 'Account_Id'。
2019-12-11 18:38:50.903 [RMI TCP Connection(4)-127.0.0.1] INFO  o.s.b.a.SpringApplicationAdminMXBeanRegistrar$SpringApplicationAdmin -Application shutdown requested.
2019-12-11 18:38:50.907 [RMI TCP Connection(4)-127.0.0.1] INFO  o.s.b.c.e.AnnotationConfigEmbeddedWebApplicationContext -Closing org.springframework.boot.context.embedded.AnnotationConfigEmbeddedWebApplicationContext@53251a66: startup date [Wed Dec 11 17:29:31 CST 2019]; root of context hierarchy
2019-12-11 18:38:50.922 [RMI TCP Connection(4)-127.0.0.1] INFO  o.s.j.e.a.AnnotationMBeanExporter -Unregistering JMX-exposed beans on shutdown
